<?xml version="1.0" encoding="UTF-8"?>
<!-- Generated by org.testng.reporters.JUnitXMLReporter -->
<testsuite ignored="0" hostname="DESKTOP-B39B0CL" failures="0" tests="3" name="Test1" time="40.119" errors="0" timestamp="2023-09-05T22:33:10 IST">
  <testcase classname="Amazon_AZ.Amazon_TC" name="setup" time="28.466"/>
  <testcase classname="Amazon_AZ.Amazon_TC" name="EndToEndTc" time="11.362"/>
  <testcase classname="Amazon_AZ.Amazon_TC" name="teardown" time="0.255"/>
</testsuite> <!-- Test1 -->
